{"page": "dashboard", "classe": "All", "sexe": "All"}
{"page": "dashboard", "classe": "All", "sexe": "All"}
{"page": "dashboard", "classe": "All", "sexe": "All"}
{"page": "dashboard", "classe": "All", "sexe": "All"}
{"page": "dashboard", "classe": [1, 2, 3], "sexe": ["male", "female"]}
{"page": "dashboard", "classe": [1, 2, 3], "sexe": ["male", "female"], "age_range": [0, 80]}
{"action": "filter", "rows": 714}
{"action": "filter", "rows": 714}
{"action": "filter", "rows": 714}
{"page": "dashboard", "classe": [1, 2, 3], "sexe": ["male", "female"], "age_range": [0, 80]}
{"page": "dashboard", "classe": [1, 2], "sexe": ["male", "female"], "age_range": [0, 80]}
{"page": "dashboard", "classe": [1], "sexe": ["male", "female"], "age_range": [0, 80]}
{"page": "dashboard", "classe": [], "sexe": ["male", "female"], "age_range": [0, 80]}
{"page": "dashboard", "classe": [], "sexe": ["male"], "age_range": [0, 80]}
{"page": "dashboard", "classe": [1, 2, 3], "sexe": ["male", "female"], "age_range": [0, 80]}
{"page": "dashboard", "classe": [], "sexe": ["male", "female"], "age_range": [0, 80]}
{"page": "vue_generale", "action": "view"}
{"page": "page_accueil", "action": "view"}
{"page": "page_accueil", "action": "view"}
{"page": "page_survie", "action": "view"}
{"page": "page_accueil", "action": "view"}
{"page": "page_survie", "action": "view"}
{"page": "page_filtres", "action": "view"}
{"page": "page_donnees", "action": "view"}
{"page": "page_accueil", "action": "view"}
{"page": "page_survie", "action": "view"}
{"page": "page_survie", "action": "view"}
{"page": "page_survie", "action": "view"}
{"page": "page_survie", "action": "view"}
{"page": "page_survie", "action": "view"}
{"page": "page_survie", "action": "view"}
{"page": "page_survie", "action": "view"}
{"page": "page_survie", "action": "view"}
{"page": "page_donnees", "action": "view"}
{"page": "page_filtres", "action": "view"}
{"page": "page_filtres", "action": "view"}
{"page": "page_filtres", "action": "view"}
{"page": "page_filtres", "action": "view"}
{"page": "page_survie", "action": "view"}
{"page": "page_accueil", "action": "view"}
{"page": "page_accueil", "action": "view"}
{"page": "page_accueil", "action": "view"}
{"page": "page_accueil", "action": "view"}
{"page": "page_accueil", "action": "view"}
{"page": "page_accueil", "action": "view"}
{"page": "page_accueil", "action": "view"}
{"page": "page_survie", "action": "view"}
{"page": "page_survie", "action": "view"}
{"page": "page_survie", "action": "view"}
{"page": "page_survie", "action": "view"}
{"page": "page_filtres", "action": "view"}
{"page": "page_filtres", "action": "view"}
{"page": "page_filtres", "action": "view"}
{"page": "page_filtres", "action": "view"}
{"page": "page_donnees", "action": "view"}
{"page": "page_accueil", "action": "view"}
{"page": "page_accueil", "action": "view"}
{"page": "page_accueil", "action": "view"}
{"page": "page_donnees", "action": "view"}
{"page": "page_accueil", "action": "view"}
{"page": "page_accueil", "action": "view"}
{"page": "page_accueil", "action": "view"}
{"page": "page_accueil", "action": "view"}
{"page": "page_accueil", "action": "view"}
